<?xml version="1.0" encoding="UTF-8"?>
<testsuite xmlns:xsi="http://www.w3.org/2001/XMLSchema-instance" xsi:noNamespaceSchemaLocation="https://maven.apache.org/surefire/maven-surefire-plugin/xsd/surefire-test-report.xsd" name="org.objectionary.oi.unit.inner_usage.InnerUsageTest" time="0.153" tests="1" errors="0" skipped="1" failures="0">
  <properties>
    <property name="java.specification.version" value="17"/>
    <property name="sun.jnu.encoding" value="UTF-8"/>
    <property name="java.class.path" value="/home/olesya/object-inference/target/test-classes:/home/olesya/object-inference/target/classes:/home/olesya/.m2/repository/org/jetbrains/kotlin/kotlin-test-junit5/1.7.10/kotlin-test-junit5-1.7.10.jar:/home/olesya/.m2/repository/org/jetbrains/kotlin/kotlin-test/1.7.10/kotlin-test-1.7.10.jar:/home/olesya/.m2/repository/org/junit/jupiter/junit-jupiter-api/5.9.1/junit-jupiter-api-5.9.1.jar:/home/olesya/.m2/repository/org/opentest4j/opentest4j/1.2.0/opentest4j-1.2.0.jar:/home/olesya/.m2/repository/org/junit/platform/junit-platform-commons/1.9.1/junit-platform-commons-1.9.1.jar:/home/olesya/.m2/repository/org/junit/jupiter/junit-jupiter-engine/5.8.2/junit-jupiter-engine-5.8.2.jar:/home/olesya/.m2/repository/org/junit/platform/junit-platform-engine/1.9.1/junit-platform-engine-1.9.1.jar:/home/olesya/.m2/repository/org/apiguardian/apiguardian-api/1.1.2/apiguardian-api-1.1.2.jar:/home/olesya/.m2/repository/org/jetbrains/kotlin/kotlin-stdlib-jdk8/1.7.10/kotlin-stdlib-jdk8-1.7.10.jar:/home/olesya/.m2/repository/org/jetbrains/kotlin/kotlin-stdlib/1.7.10/kotlin-stdlib-1.7.10.jar:/home/olesya/.m2/repository/org/jetbrains/kotlin/kotlin-stdlib-common/1.7.10/kotlin-stdlib-common-1.7.10.jar:/home/olesya/.m2/repository/org/jetbrains/kotlin/kotlin-stdlib-jdk7/1.7.10/kotlin-stdlib-jdk7-1.7.10.jar:/home/olesya/.m2/repository/org/slf4j/slf4j-api/2.0.3/slf4j-api-2.0.3.jar:/home/olesya/.m2/repository/org/eolang/eo-parser/0.28.9/eo-parser-0.28.9.jar:/home/olesya/.m2/repository/net/sf/saxon/Saxon-HE/11.4/Saxon-HE-11.4.jar:/home/olesya/.m2/repository/org/xmlresolver/xmlresolver/4.4.3/xmlresolver-4.4.3.jar:/home/olesya/.m2/repository/org/apache/httpcomponents/client5/httpclient5/5.1.3/httpclient5-5.1.3.jar:/home/olesya/.m2/repository/org/apache/httpcomponents/core5/httpcore5-h2/5.1.3/httpcore5-h2-5.1.3.jar:/home/olesya/.m2/repository/commons-codec/commons-codec/1.15/commons-codec-1.15.jar:/home/olesya/.m2/repository/org/apache/httpcomponents/core5/httpcore5/5.1.3/httpcore5-5.1.3.jar:/home/olesya/.m2/repository/org/xmlresolver/xmlresolver/4.4.3/xmlresolver-4.4.3-data.jar:/home/olesya/.m2/repository/org/antlr/antlr4-runtime/4.11.1/antlr4-runtime-4.11.1.jar:/home/olesya/.m2/repository/com/jcabi/jcabi-manifests/1.2.1/jcabi-manifests-1.2.1.jar:/home/olesya/.m2/repository/com/jcabi/jcabi-log/0.22.0/jcabi-log-0.22.0.jar:/home/olesya/.m2/repository/org/mockito/mockito-core/4.8.0/mockito-core-4.8.0.jar:/home/olesya/.m2/repository/net/bytebuddy/byte-buddy/1.12.14/byte-buddy-1.12.14.jar:/home/olesya/.m2/repository/net/bytebuddy/byte-buddy-agent/1.12.14/byte-buddy-agent-1.12.14.jar:/home/olesya/.m2/repository/org/objenesis/objenesis/3.2/objenesis-3.2.jar:/home/olesya/.m2/repository/com/jcabi/incubator/xembly/0.28.1/xembly-0.28.1.jar:/home/olesya/.m2/repository/org/yaml/snakeyaml/1.33/snakeyaml-1.33.jar:/home/olesya/.m2/repository/org/apache/commons/commons-text/1.10.0/commons-text-1.10.0.jar:/home/olesya/.m2/repository/org/apache/commons/commons-lang3/3.12.0/commons-lang3-3.12.0.jar:/home/olesya/.m2/repository/ch/qos/logback/logback-classic/1.4.3/logback-classic-1.4.3.jar:/home/olesya/.m2/repository/ch/qos/logback/logback-core/1.4.3/logback-core-1.4.3.jar:/home/olesya/.m2/repository/org/eolang/eo-maven-plugin/0.28.9/eo-maven-plugin-0.28.9.jar:/home/olesya/.m2/repository/org/twdata/maven/mojo-executor/2.4.0/mojo-executor-2.4.0.jar:/home/olesya/.m2/repository/org/codehaus/plexus/plexus-utils/3.0.24/plexus-utils-3.0.24.jar:/home/olesya/.m2/repository/com/yegor256/tojos/0.13.0/tojos-0.13.0.jar:/home/olesya/.m2/repository/javax/json/javax.json-api/1.1.4/javax.json-api-1.1.4.jar:/home/olesya/.m2/repository/org/glassfish/javax.json/1.1.4/javax.json-1.1.4.jar:/home/olesya/.m2/repository/com/opencsv/opencsv/5.7.0/opencsv-5.7.0.jar:/home/olesya/.m2/repository/commons-beanutils/commons-beanutils/1.9.4/commons-beanutils-1.9.4.jar:/home/olesya/.m2/repository/commons-logging/commons-logging/1.2/commons-logging-1.2.jar:/home/olesya/.m2/repository/commons-collections/commons-collections/3.2.2/commons-collections-3.2.2.jar:/home/olesya/.m2/repository/org/apache/commons/commons-collections4/4.4/commons-collections4-4.4.jar:/home/olesya/.m2/repository/com/jcabi/jcabi-maven-slf4j/0.12.2/jcabi-maven-slf4j-0.12.2.jar:/home/olesya/.m2/repository/com/yegor256/xsline/0.13.0/xsline-0.13.0.jar:/home/olesya/.m2/repository/xml-apis/xml-apis/1.4.01/xml-apis-1.4.01.jar:/home/olesya/.m2/repository/org/cactoos/cactoos/0.54.0/cactoos-0.54.0.jar:/home/olesya/.m2/repository/com/jcabi/jcabi-xml/0.25.4/jcabi-xml-0.25.4.jar:/home/olesya/.m2/repository/commons-io/commons-io/2.11.0/commons-io-2.11.0.jar:/home/olesya/.m2/repository/org/eolang/ddr/0.0.5/ddr-0.0.5.jar:/home/olesya/.m2/repository/org/jetbrains/annotations/23.0.0/annotations-23.0.0.jar:"/>
    <property name="java.vm.vendor" value="Private Build"/>
    <property name="sun.arch.data.model" value="64"/>
    <property name="java.vendor.url" value="Unknown"/>
    <property name="os.name" value="Linux"/>
    <property name="java.vm.specification.version" value="17"/>
    <property name="sun.java.launcher" value="SUN_STANDARD"/>
    <property name="user.country" value="US"/>
    <property name="sun.boot.library.path" value="/usr/lib/jvm/java-17-openjdk-amd64/lib"/>
    <property name="sun.java.command" value="/home/olesya/object-inference/target/surefire/surefirebooter7808030775375677770.jar /home/olesya/object-inference/target/surefire 2022-10-17T20-52-03_480-jvmRun1 surefire15925014900507471058tmp surefire_04056359341173185927tmp"/>
    <property name="jdk.debug" value="release"/>
    <property name="surefire.test.class.path" value="/home/olesya/object-inference/target/test-classes:/home/olesya/object-inference/target/classes:/home/olesya/.m2/repository/org/jetbrains/kotlin/kotlin-test-junit5/1.7.10/kotlin-test-junit5-1.7.10.jar:/home/olesya/.m2/repository/org/jetbrains/kotlin/kotlin-test/1.7.10/kotlin-test-1.7.10.jar:/home/olesya/.m2/repository/org/junit/jupiter/junit-jupiter-api/5.9.1/junit-jupiter-api-5.9.1.jar:/home/olesya/.m2/repository/org/opentest4j/opentest4j/1.2.0/opentest4j-1.2.0.jar:/home/olesya/.m2/repository/org/junit/platform/junit-platform-commons/1.9.1/junit-platform-commons-1.9.1.jar:/home/olesya/.m2/repository/org/junit/jupiter/junit-jupiter-engine/5.8.2/junit-jupiter-engine-5.8.2.jar:/home/olesya/.m2/repository/org/junit/platform/junit-platform-engine/1.9.1/junit-platform-engine-1.9.1.jar:/home/olesya/.m2/repository/org/apiguardian/apiguardian-api/1.1.2/apiguardian-api-1.1.2.jar:/home/olesya/.m2/repository/org/jetbrains/kotlin/kotlin-stdlib-jdk8/1.7.10/kotlin-stdlib-jdk8-1.7.10.jar:/home/olesya/.m2/repository/org/jetbrains/kotlin/kotlin-stdlib/1.7.10/kotlin-stdlib-1.7.10.jar:/home/olesya/.m2/repository/org/jetbrains/kotlin/kotlin-stdlib-common/1.7.10/kotlin-stdlib-common-1.7.10.jar:/home/olesya/.m2/repository/org/jetbrains/kotlin/kotlin-stdlib-jdk7/1.7.10/kotlin-stdlib-jdk7-1.7.10.jar:/home/olesya/.m2/repository/org/slf4j/slf4j-api/2.0.3/slf4j-api-2.0.3.jar:/home/olesya/.m2/repository/org/eolang/eo-parser/0.28.9/eo-parser-0.28.9.jar:/home/olesya/.m2/repository/net/sf/saxon/Saxon-HE/11.4/Saxon-HE-11.4.jar:/home/olesya/.m2/repository/org/xmlresolver/xmlresolver/4.4.3/xmlresolver-4.4.3.jar:/home/olesya/.m2/repository/org/apache/httpcomponents/client5/httpclient5/5.1.3/httpclient5-5.1.3.jar:/home/olesya/.m2/repository/org/apache/httpcomponents/core5/httpcore5-h2/5.1.3/httpcore5-h2-5.1.3.jar:/home/olesya/.m2/repository/commons-codec/commons-codec/1.15/commons-codec-1.15.jar:/home/olesya/.m2/repository/org/apache/httpcomponents/core5/httpcore5/5.1.3/httpcore5-5.1.3.jar:/home/olesya/.m2/repository/org/xmlresolver/xmlresolver/4.4.3/xmlresolver-4.4.3-data.jar:/home/olesya/.m2/repository/org/antlr/antlr4-runtime/4.11.1/antlr4-runtime-4.11.1.jar:/home/olesya/.m2/repository/com/jcabi/jcabi-manifests/1.2.1/jcabi-manifests-1.2.1.jar:/home/olesya/.m2/repository/com/jcabi/jcabi-log/0.22.0/jcabi-log-0.22.0.jar:/home/olesya/.m2/repository/org/mockito/mockito-core/4.8.0/mockito-core-4.8.0.jar:/home/olesya/.m2/repository/net/bytebuddy/byte-buddy/1.12.14/byte-buddy-1.12.14.jar:/home/olesya/.m2/repository/net/bytebuddy/byte-buddy-agent/1.12.14/byte-buddy-agent-1.12.14.jar:/home/olesya/.m2/repository/org/objenesis/objenesis/3.2/objenesis-3.2.jar:/home/olesya/.m2/repository/com/jcabi/incubator/xembly/0.28.1/xembly-0.28.1.jar:/home/olesya/.m2/repository/org/yaml/snakeyaml/1.33/snakeyaml-1.33.jar:/home/olesya/.m2/repository/org/apache/commons/commons-text/1.10.0/commons-text-1.10.0.jar:/home/olesya/.m2/repository/org/apache/commons/commons-lang3/3.12.0/commons-lang3-3.12.0.jar:/home/olesya/.m2/repository/ch/qos/logback/logback-classic/1.4.3/logback-classic-1.4.3.jar:/home/olesya/.m2/repository/ch/qos/logback/logback-core/1.4.3/logback-core-1.4.3.jar:/home/olesya/.m2/repository/org/eolang/eo-maven-plugin/0.28.9/eo-maven-plugin-0.28.9.jar:/home/olesya/.m2/repository/org/twdata/maven/mojo-executor/2.4.0/mojo-executor-2.4.0.jar:/home/olesya/.m2/repository/org/codehaus/plexus/plexus-utils/3.0.24/plexus-utils-3.0.24.jar:/home/olesya/.m2/repository/com/yegor256/tojos/0.13.0/tojos-0.13.0.jar:/home/olesya/.m2/repository/javax/json/javax.json-api/1.1.4/javax.json-api-1.1.4.jar:/home/olesya/.m2/repository/org/glassfish/javax.json/1.1.4/javax.json-1.1.4.jar:/home/olesya/.m2/repository/com/opencsv/opencsv/5.7.0/opencsv-5.7.0.jar:/home/olesya/.m2/repository/commons-beanutils/commons-beanutils/1.9.4/commons-beanutils-1.9.4.jar:/home/olesya/.m2/repository/commons-logging/commons-logging/1.2/commons-logging-1.2.jar:/home/olesya/.m2/repository/commons-collections/commons-collections/3.2.2/commons-collections-3.2.2.jar:/home/olesya/.m2/repository/org/apache/commons/commons-collections4/4.4/commons-collections4-4.4.jar:/home/olesya/.m2/repository/com/jcabi/jcabi-maven-slf4j/0.12.2/jcabi-maven-slf4j-0.12.2.jar:/home/olesya/.m2/repository/com/yegor256/xsline/0.13.0/xsline-0.13.0.jar:/home/olesya/.m2/repository/xml-apis/xml-apis/1.4.01/xml-apis-1.4.01.jar:/home/olesya/.m2/repository/org/cactoos/cactoos/0.54.0/cactoos-0.54.0.jar:/home/olesya/.m2/repository/com/jcabi/jcabi-xml/0.25.4/jcabi-xml-0.25.4.jar:/home/olesya/.m2/repository/commons-io/commons-io/2.11.0/commons-io-2.11.0.jar:/home/olesya/.m2/repository/org/eolang/ddr/0.0.5/ddr-0.0.5.jar:/home/olesya/.m2/repository/org/jetbrains/annotations/23.0.0/annotations-23.0.0.jar:"/>
    <property name="sun.cpu.endian" value="little"/>
    <property name="user.home" value="/home/olesya"/>
    <property name="user.language" value="en"/>
    <property name="java.specification.vendor" value="Oracle Corporation"/>
    <property name="java.version.date" value="2022-07-19"/>
    <property name="java.home" value="/usr/lib/jvm/java-17-openjdk-amd64"/>
    <property name="file.separator" value="/"/>
    <property name="basedir" value="/home/olesya/object-inference"/>
    <property name="java.vm.compressedOopsMode" value="32-bit"/>
    <property name="line.separator" value="&#10;"/>
    <property name="java.vm.specification.vendor" value="Oracle Corporation"/>
    <property name="java.specification.name" value="Java Platform API Specification"/>
    <property name="surefire.real.class.path" value="/home/olesya/object-inference/target/surefire/surefirebooter7808030775375677770.jar"/>
    <property name="sun.management.compiler" value="HotSpot 64-Bit Tiered Compilers"/>
    <property name="java.runtime.version" value="17.0.4+8-Ubuntu-122.04"/>
    <property name="user.name" value="olesya"/>
    <property name="path.separator" value=":"/>
    <property name="os.version" value="5.15.0-48-generic"/>
    <property name="java.runtime.name" value="OpenJDK Runtime Environment"/>
    <property name="file.encoding" value="UTF-8"/>
    <property name="java.vm.name" value="OpenJDK 64-Bit Server VM"/>
    <property name="localRepository" value="/home/olesya/.m2/repository"/>
    <property name="java.vendor.url.bug" value="Unknown"/>
    <property name="java.io.tmpdir" value="/tmp"/>
    <property name="java.version" value="17.0.4"/>
    <property name="user.dir" value="/home/olesya/object-inference"/>
    <property name="os.arch" value="amd64"/>
    <property name="java.vm.specification.name" value="Java Virtual Machine Specification"/>
    <property name="native.encoding" value="UTF-8"/>
    <property name="java.library.path" value="/usr/java/packages/lib:/usr/lib/x86_64-linux-gnu/jni:/lib/x86_64-linux-gnu:/usr/lib/x86_64-linux-gnu:/usr/lib/jni:/lib:/usr/lib"/>
    <property name="java.vm.info" value="mixed mode, sharing"/>
    <property name="java.vendor" value="Private Build"/>
    <property name="java.vm.version" value="17.0.4+8-Ubuntu-122.04"/>
    <property name="sun.io.unicode.encoding" value="UnicodeLittle"/>
    <property name="java.class.version" value="61.0"/>
  </properties>
  <testcase name="test basic dir" classname="org.objectionary.oi.unit.inner_usage.InnerUsageTest" time="0">
    <skipped message="public final void org.objectionary.oi.unit.inner_usage.InnerUsageTest.test basic dir() is @Disabled"/>
    <system-out><![CDATA[20:52:03,887 |-INFO in ch.qos.logback.classic.LoggerContext[default] - This is logback-classic version 1.4.3
20:52:03,905 |-INFO in ch.qos.logback.classic.LoggerContext[default] - Could NOT find resource [logback-test.xml]
20:52:03,907 |-INFO in ch.qos.logback.classic.LoggerContext[default] - Found resource [logback.xml] at [file:/home/olesya/object-inference/target/classes/logback.xml]
20:52:03,908 |-WARN in ch.qos.logback.classic.util.DefaultJoranConfigurator@21e360a - Resource [logback.xml] occurs multiple times on the classpath.
20:52:03,908 |-WARN in ch.qos.logback.classic.util.DefaultJoranConfigurator@21e360a - Resource [logback.xml] occurs at [file:/home/olesya/object-inference/target/classes/logback.xml]
20:52:03,908 |-WARN in ch.qos.logback.classic.util.DefaultJoranConfigurator@21e360a - Resource [logback.xml] occurs at [jar:file:/home/olesya/.m2/repository/org/eolang/ddr/0.0.5/ddr-0.0.5.jar!/logback.xml]
20:52:03,979 |-INFO in ch.qos.logback.core.model.processor.AppenderModelHandler - Processing appender named [STDOUT]
20:52:03,979 |-INFO in ch.qos.logback.core.model.processor.AppenderModelHandler - About to instantiate appender of type [ch.qos.logback.core.ConsoleAppender]
20:52:03,985 |-INFO in ch.qos.logback.core.model.processor.ImplicitModelHandler - Assuming default type [ch.qos.logback.classic.encoder.PatternLayoutEncoder] for [encoder] property
20:52:04,007 |-INFO in ch.qos.logback.classic.model.processor.RootLoggerModelHandler - Setting level of ROOT logger to DEBUG
20:52:04,008 |-INFO in ch.qos.logback.core.model.processor.AppenderRefModelHandler - Attaching appender named [STDOUT] to Logger[ROOT]
20:52:04,008 |-INFO in ch.qos.logback.core.model.processor.DefaultProcessor@5ba3f27a - End of configuration.
20:52:04,008 |-INFO in ch.qos.logback.classic.joran.JoranConfigurator@58d75e99 - Registering current configuration as safe fallback point

]]></system-out>
    <system-err><![CDATA[SLF4J: Class path contains multiple SLF4J providers.
SLF4J: Found provider [ch.qos.logback.classic.spi.LogbackServiceProvider@7d68ef40]
SLF4J: Found provider [MavenSlf4j()]
SLF4J: See https://www.slf4j.org/codes.html#multiple_bindings for an explanation.
SLF4J: Actual provider is of type [ch.qos.logback.classic.spi.LogbackServiceProvider@7d68ef40]
]]></system-err>
  </testcase>
</testsuite>